<?xml version="1.0" encoding="UTF-8"?>
<!-- Generated by org.testng.reporters.JUnitReportReporter -->
<testsuite hostname="Office-PC" failures="0" tests="4" name="com.secookbook.examples.chapter07.TestNGDDT" time="2.009" errors="0" timestamp="25 Mar 2020 18:47:46 GMT">
  <testcase classname="com.secookbook.examples.chapter07.TestNGDDT" name="testBMICalculator" time="0.527"/>
  <testcase classname="com.secookbook.examples.chapter07.TestNGDDT" name="testBMICalculator" time="0.461"/>
  <testcase classname="com.secookbook.examples.chapter07.TestNGDDT" name="testBMICalculator" time="0.562"/>
  <testcase classname="com.secookbook.examples.chapter07.TestNGDDT" name="testBMICalculator" time="0.459"/>
</testsuite> <!-- com.secookbook.examples.chapter07.TestNGDDT -->
